2019-07-23 09:40:16.1333|INFO|Microsoft.AspNetCore.Hosting.Internal.WebHost|Request starting HTTP/2.0 GET https://localhost:44392/  
2019-07-23 09:40:16.5820|INFO|Microsoft.AspNetCore.Hosting.Internal.WebHost|Request finished in 444.275ms 404 text/plain
2019-07-23 09:41:52.2694|INFO|Microsoft.AspNetCore.Hosting.Internal.WebHost|Request starting HTTP/1.1 DELETE https://localhost:44392/api/cities/1/pointsofinterest/1  0
2019-07-23 09:41:52.3609|INFO|Microsoft.AspNetCore.Mvc.Internal.ControllerActionInvoker|Route matched with {action = "DeletePointOfInterest", controller = "PointsOfInterest"}. Executing controller action with signature Microsoft.AspNetCore.Mvc.IActionResult DeletePointOfInterest(Int32, Int32) on controller CityInfo.Controllers.PointsOfInterestController (CityInfo).
2019-07-23 09:41:52.4622|INFO|Microsoft.AspNetCore.Mvc.Internal.ControllerActionInvoker|Executing action method CityInfo.Controllers.PointsOfInterestController.DeletePointOfInterest (CityInfo) - Validation state: Valid
2019-07-23 09:41:52.4959|INFO|Microsoft.AspNetCore.Mvc.Internal.ControllerActionInvoker|Executed action method CityInfo.Controllers.PointsOfInterestController.DeletePointOfInterest (CityInfo), returned result Microsoft.AspNetCore.Mvc.NoContentResult in 19.0149ms.
2019-07-23 09:41:52.5196|INFO|Microsoft.AspNetCore.Mvc.StatusCodeResult|Executing HttpStatusCodeResult, setting HTTP status code 204
2019-07-23 09:41:52.5271|INFO|Microsoft.AspNetCore.Mvc.Internal.ControllerActionInvoker|Executed action CityInfo.Controllers.PointsOfInterestController.DeletePointOfInterest (CityInfo) in 139.269ms
2019-07-23 09:41:52.5420|INFO|Microsoft.AspNetCore.Hosting.Internal.WebHost|Request finished in 275.8682ms 204 
2019-07-23 09:44:09.5508|INFO|Microsoft.AspNetCore.Hosting.Internal.WebHost|Request starting HTTP/2.0 GET https://localhost:44392/  
2019-07-23 09:44:09.7834|INFO|Microsoft.AspNetCore.Hosting.Internal.WebHost|Request finished in 242.4917ms 404 text/plain
2019-07-23 09:44:25.3638|INFO|Microsoft.AspNetCore.Hosting.Internal.WebHost|Request starting HTTP/2.0 GET https://localhost:44392/  
2019-07-23 09:44:25.9287|INFO|Microsoft.AspNetCore.Hosting.Internal.WebHost|Request finished in 572.868ms 404 text/plain
2019-07-23 09:44:28.9092|INFO|Microsoft.AspNetCore.Hosting.Internal.WebHost|Request starting HTTP/1.1 DELETE https://localhost:44392/api/cities/1/pointsofinterest/1  0
2019-07-23 09:44:28.9950|INFO|Microsoft.AspNetCore.Mvc.Internal.ControllerActionInvoker|Route matched with {action = "DeletePointOfInterest", controller = "PointsOfInterest"}. Executing controller action with signature Microsoft.AspNetCore.Mvc.IActionResult DeletePointOfInterest(Int32, Int32) on controller CityInfo.Controllers.PointsOfInterestController (CityInfo).
2019-07-23 09:44:29.0550|INFO|Microsoft.AspNetCore.Mvc.Internal.ControllerActionInvoker|Executing action method CityInfo.Controllers.PointsOfInterestController.DeletePointOfInterest (CityInfo) - Validation state: Valid
2019-07-23 09:44:29.0893|INFO|Microsoft.AspNetCore.Mvc.Internal.ControllerActionInvoker|Executed action method CityInfo.Controllers.PointsOfInterestController.DeletePointOfInterest (CityInfo), returned result Microsoft.AspNetCore.Mvc.NoContentResult in 20.5708ms.
2019-07-23 09:44:29.1127|INFO|Microsoft.AspNetCore.Mvc.StatusCodeResult|Executing HttpStatusCodeResult, setting HTTP status code 204
2019-07-23 09:44:29.1239|INFO|Microsoft.AspNetCore.Mvc.Internal.ControllerActionInvoker|Executed action CityInfo.Controllers.PointsOfInterestController.DeletePointOfInterest (CityInfo) in 115.5272ms
2019-07-23 09:44:29.1536|INFO|Microsoft.AspNetCore.Hosting.Internal.WebHost|Request finished in 242.0769ms 204 
2019-07-23 09:47:18.2332|INFO|Microsoft.AspNetCore.Hosting.Internal.WebHost|Request starting HTTP/2.0 GET https://localhost:44392/  
2019-07-23 09:47:18.6545|INFO|Microsoft.AspNetCore.Hosting.Internal.WebHost|Request finished in 440.538ms 404 text/plain
2019-07-23 09:47:40.8906|INFO|Microsoft.AspNetCore.Hosting.Internal.WebHost|Request starting HTTP/1.1 DELETE https://localhost:44392/api/cities/1/pointsofinterest/1  0
2019-07-23 09:47:40.9445|INFO|Microsoft.AspNetCore.Mvc.Internal.ControllerActionInvoker|Route matched with {action = "DeletePointOfInterest", controller = "PointsOfInterest"}. Executing controller action with signature Microsoft.AspNetCore.Mvc.IActionResult DeletePointOfInterest(Int32, Int32) on controller CityInfo.Controllers.PointsOfInterestController (CityInfo).
2019-07-23 09:47:40.9852|INFO|Microsoft.AspNetCore.Mvc.Internal.ControllerActionInvoker|Executing action method CityInfo.Controllers.PointsOfInterestController.DeletePointOfInterest (CityInfo) - Validation state: Valid
2019-07-23 09:47:41.0056|INFO|Microsoft.AspNetCore.Mvc.Internal.ControllerActionInvoker|Executed action method CityInfo.Controllers.PointsOfInterestController.DeletePointOfInterest (CityInfo), returned result Microsoft.AspNetCore.Mvc.NoContentResult in 13.5891ms.
2019-07-23 09:47:41.0168|INFO|Microsoft.AspNetCore.Mvc.StatusCodeResult|Executing HttpStatusCodeResult, setting HTTP status code 204
2019-07-23 09:47:41.0238|INFO|Microsoft.AspNetCore.Mvc.Internal.ControllerActionInvoker|Executed action CityInfo.Controllers.PointsOfInterestController.DeletePointOfInterest (CityInfo) in 67.0999ms
2019-07-23 09:47:41.0238|INFO|Microsoft.AspNetCore.Hosting.Internal.WebHost|Request finished in 149.3542ms 204 
2019-07-23 09:49:41.3122|INFO|Microsoft.AspNetCore.Hosting.Internal.WebHost|Request starting HTTP/2.0 GET https://localhost:44392/  
2019-07-23 09:49:41.6674|INFO|Microsoft.AspNetCore.Hosting.Internal.WebHost|Request finished in 375.8547ms 404 text/plain
2019-07-23 09:49:45.5977|INFO|Microsoft.AspNetCore.Hosting.Internal.WebHost|Request starting HTTP/1.1 DELETE https://localhost:44392/api/cities/1/pointsofinterest/1  0
2019-07-23 09:49:45.6595|INFO|Microsoft.AspNetCore.Mvc.Internal.ControllerActionInvoker|Route matched with {action = "DeletePointOfInterest", controller = "PointsOfInterest"}. Executing controller action with signature Microsoft.AspNetCore.Mvc.IActionResult DeletePointOfInterest(Int32, Int32) on controller CityInfo.Controllers.PointsOfInterestController (CityInfo).
2019-07-23 09:49:45.6941|INFO|Microsoft.AspNetCore.Mvc.Internal.ControllerActionInvoker|Executing action method CityInfo.Controllers.PointsOfInterestController.DeletePointOfInterest (CityInfo) - Validation state: Valid
2019-07-23 09:49:45.7162|INFO|Microsoft.AspNetCore.Mvc.Internal.ControllerActionInvoker|Executed action method CityInfo.Controllers.PointsOfInterestController.DeletePointOfInterest (CityInfo), returned result Microsoft.AspNetCore.Mvc.NoContentResult in 14.1979ms.
2019-07-23 09:49:45.7282|INFO|Microsoft.AspNetCore.Mvc.StatusCodeResult|Executing HttpStatusCodeResult, setting HTTP status code 204
2019-07-23 09:49:45.7282|INFO|Microsoft.AspNetCore.Mvc.Internal.ControllerActionInvoker|Executed action CityInfo.Controllers.PointsOfInterestController.DeletePointOfInterest (CityInfo) in 67.3187ms
2019-07-23 09:49:45.7456|INFO|Microsoft.AspNetCore.Hosting.Internal.WebHost|Request finished in 153.6562ms 204 
2019-07-23 10:03:19.3810|INFO|Microsoft.AspNetCore.Hosting.Internal.WebHost|Request starting HTTP/2.0 GET https://localhost:44392/  
2019-07-23 10:03:19.7591|INFO|Microsoft.AspNetCore.Hosting.Internal.WebHost|Request finished in 381.1319ms 404 text/plain
2019-07-23 10:03:26.2693|INFO|Microsoft.AspNetCore.Hosting.Internal.WebHost|Request starting HTTP/1.1 DELETE https://localhost:44392/api/cities/1/pointsofinterest/1  0
2019-07-23 10:03:26.3278|INFO|Microsoft.AspNetCore.Mvc.Internal.ControllerActionInvoker|Route matched with {action = "DeletePointOfInterest", controller = "PointsOfInterest"}. Executing controller action with signature Microsoft.AspNetCore.Mvc.IActionResult DeletePointOfInterest(Int32, Int32) on controller CityInfo.Controllers.PointsOfInterestController (CityInfo).
2019-07-23 10:03:26.3639|INFO|Microsoft.AspNetCore.Mvc.Internal.ControllerActionInvoker|Executing action method CityInfo.Controllers.PointsOfInterestController.DeletePointOfInterest (CityInfo) - Validation state: Valid
2019-07-23 10:03:26.3814|INFO|Microsoft.AspNetCore.Mvc.Internal.ControllerActionInvoker|Executed action method CityInfo.Controllers.PointsOfInterestController.DeletePointOfInterest (CityInfo), returned result Microsoft.AspNetCore.Mvc.NoContentResult in 10.3484ms.
2019-07-23 10:03:26.4004|INFO|Microsoft.AspNetCore.Mvc.StatusCodeResult|Executing HttpStatusCodeResult, setting HTTP status code 204
2019-07-23 10:03:26.4004|INFO|Microsoft.AspNetCore.Mvc.Internal.ControllerActionInvoker|Executed action CityInfo.Controllers.PointsOfInterestController.DeletePointOfInterest (CityInfo) in 71.7035ms
2019-07-23 10:03:26.4236|INFO|Microsoft.AspNetCore.Hosting.Internal.WebHost|Request finished in 150.4274ms 204 
2019-07-23 10:04:14.9144|FATAL|Microsoft.AspNetCore.Hosting.Internal.WebHost|Application startup exception
2019-07-23 10:04:15.1928|INFO|Microsoft.AspNetCore.Hosting.Internal.WebHost|Request starting HTTP/2.0 GET https://localhost:44392/  
2019-07-23 10:04:15.2618|INFO|Microsoft.AspNetCore.Hosting.Internal.WebHost|Request finished in 75.7318ms 500 text/html; charset=utf-8
2019-07-23 10:04:17.6430|INFO|Microsoft.AspNetCore.Hosting.Internal.WebHost|Request starting HTTP/1.1 DELETE https://localhost:44392/api/cities/1/pointsofinterest/1  0
2019-07-23 10:04:17.6514|INFO|Microsoft.AspNetCore.Hosting.Internal.WebHost|Request finished in 7.9886ms 500 text/html; charset=utf-8
2019-07-23 10:05:16.3710|FATAL|Microsoft.AspNetCore.Hosting.Internal.WebHost|Application startup exception
2019-07-23 10:05:16.5442|INFO|Microsoft.AspNetCore.Hosting.Internal.WebHost|Request starting HTTP/2.0 GET https://localhost:44392/  
2019-07-23 10:05:16.5951|INFO|Microsoft.AspNetCore.Hosting.Internal.WebHost|Request finished in 52.033ms 500 text/html; charset=utf-8
2019-07-23 10:05:41.0338|FATAL|Microsoft.AspNetCore.Hosting.Internal.WebHost|Application startup exception
2019-07-23 10:05:41.2370|INFO|Microsoft.AspNetCore.Hosting.Internal.WebHost|Request starting HTTP/2.0 GET https://localhost:44392/  
2019-07-23 10:05:41.2900|INFO|Microsoft.AspNetCore.Hosting.Internal.WebHost|Request finished in 56.5006ms 500 text/html; charset=utf-8
2019-07-23 10:11:05.9188|INFO|Microsoft.AspNetCore.Hosting.Internal.WebHost|Request starting HTTP/2.0 GET https://localhost:44392/  
2019-07-23 10:11:06.2735|INFO|Microsoft.AspNetCore.Hosting.Internal.WebHost|Request finished in 365.3948ms 404 text/plain
2019-07-23 10:11:11.1573|INFO|Microsoft.AspNetCore.Hosting.Internal.WebHost|Request starting HTTP/1.1 DELETE https://localhost:44392/api/cities/1/pointsofinterest/1  0
2019-07-23 10:11:11.2167|INFO|Microsoft.AspNetCore.Mvc.Internal.ControllerActionInvoker|Route matched with {action = "DeletePointOfInterest", controller = "PointsOfInterest"}. Executing controller action with signature Microsoft.AspNetCore.Mvc.IActionResult DeletePointOfInterest(Int32, Int32) on controller CityInfo.Controllers.PointsOfInterestController (CityInfo).
2019-07-23 10:11:11.2538|INFO|Microsoft.AspNetCore.Mvc.Internal.ControllerActionInvoker|Executing action method CityInfo.Controllers.PointsOfInterestController.DeletePointOfInterest (CityInfo) - Validation state: Valid
2019-07-23 10:11:11.2710|INFO|Microsoft.AspNetCore.Mvc.Internal.ControllerActionInvoker|Executed action method CityInfo.Controllers.PointsOfInterestController.DeletePointOfInterest (CityInfo), returned result Microsoft.AspNetCore.Mvc.NoContentResult in 10.3783ms.
2019-07-23 10:11:11.2710|INFO|Microsoft.AspNetCore.Mvc.StatusCodeResult|Executing HttpStatusCodeResult, setting HTTP status code 204
2019-07-23 10:11:11.2907|INFO|Microsoft.AspNetCore.Mvc.Internal.ControllerActionInvoker|Executed action CityInfo.Controllers.PointsOfInterestController.DeletePointOfInterest (CityInfo) in 63.7871ms
2019-07-23 10:11:11.2907|INFO|Microsoft.AspNetCore.Hosting.Internal.WebHost|Request finished in 142.8889ms 204 
2019-07-23 11:19:10.8727|INFO|Microsoft.AspNetCore.Hosting.Internal.WebHost|Request starting HTTP/2.0 GET https://localhost:44392/  
2019-07-23 11:19:11.2889|INFO|Microsoft.AspNetCore.Hosting.Internal.WebHost|Request finished in 431.6842ms 404 text/plain
2019-07-23 11:19:38.1485|INFO|Microsoft.AspNetCore.Hosting.Internal.WebHost|Request starting HTTP/1.1 GET https://localhost:44392/api/testdatabase  
2019-07-23 11:19:38.5034|INFO|Microsoft.AspNetCore.Mvc.Internal.ControllerActionInvoker|Route matched with {action = "TestDatabase", controller = "Dummy"}. Executing controller action with signature Microsoft.AspNetCore.Mvc.IActionResult TestDatabase() on controller CityInfo.Controllers.DummyController (CityInfo).
2019-07-23 11:19:40.2078|INFO|Microsoft.EntityFrameworkCore.Infrastructure|Entity Framework Core 2.2.4-servicing-10062 initialized 'CityInfoContext' using provider 'Microsoft.EntityFrameworkCore.SqlServer' with options: None
2019-07-23 11:29:05.7171|INFO|Microsoft.AspNetCore.Hosting.Internal.WebHost|Request starting HTTP/2.0 GET https://localhost:44392/  
2019-07-23 11:29:06.1587|INFO|Microsoft.AspNetCore.Hosting.Internal.WebHost|Request finished in 454.2771ms 404 text/plain
2019-07-23 11:29:16.4294|INFO|Microsoft.AspNetCore.Hosting.Internal.WebHost|Request starting HTTP/1.1 GET https://localhost:44392/api/testdatabase  
2019-07-23 11:29:16.4918|INFO|Microsoft.AspNetCore.Mvc.Internal.ControllerActionInvoker|Route matched with {action = "TestDatabase", controller = "Dummy"}. Executing controller action with signature Microsoft.AspNetCore.Mvc.IActionResult TestDatabase() on controller CityInfo.Controllers.DummyController (CityInfo).
2019-07-23 11:29:17.0477|INFO|Microsoft.EntityFrameworkCore.Infrastructure|Entity Framework Core 2.2.4-servicing-10062 initialized 'CityInfoContext' using provider 'Microsoft.EntityFrameworkCore.SqlServer' with options: None
2019-07-23 11:33:03.7867|INFO|Microsoft.AspNetCore.Hosting.Internal.WebHost|Request starting HTTP/2.0 GET https://localhost:44392/  
2019-07-23 11:33:04.2158|INFO|Microsoft.AspNetCore.Hosting.Internal.WebHost|Request finished in 440.3269ms 404 text/plain
2019-07-23 11:33:11.2460|INFO|Microsoft.AspNetCore.Hosting.Internal.WebHost|Request starting HTTP/1.1 GET https://localhost:44392/api/testdatabase  
2019-07-23 11:33:11.3093|INFO|Microsoft.AspNetCore.Mvc.Internal.ControllerActionInvoker|Route matched with {action = "TestDatabase", controller = "Dummy"}. Executing controller action with signature Microsoft.AspNetCore.Mvc.IActionResult TestDatabase() on controller CityInfo.Controllers.DummyController (CityInfo).
2019-07-23 11:33:11.8378|INFO|Microsoft.EntityFrameworkCore.Infrastructure|Entity Framework Core 2.2.4-servicing-10062 initialized 'CityInfoContext' using provider 'Microsoft.EntityFrameworkCore.SqlServer' with options: None
2019-07-23 11:34:36.2675|INFO|Microsoft.AspNetCore.Hosting.Internal.WebHost|Request starting HTTP/2.0 GET https://localhost:44392/  
2019-07-23 11:34:36.6799|INFO|Microsoft.AspNetCore.Hosting.Internal.WebHost|Request finished in 426.2332ms 404 text/plain
2019-07-23 11:34:41.6783|INFO|Microsoft.AspNetCore.Hosting.Internal.WebHost|Request starting HTTP/1.1 GET https://localhost:44392/api/testdatabase  
2019-07-23 11:34:41.7372|INFO|Microsoft.AspNetCore.Mvc.Internal.ControllerActionInvoker|Route matched with {action = "TestDatabase", controller = "Dummy"}. Executing controller action with signature Microsoft.AspNetCore.Mvc.IActionResult TestDatabase() on controller CityInfo.Controllers.DummyController (CityInfo).
2019-07-23 11:34:42.2595|INFO|Microsoft.EntityFrameworkCore.Infrastructure|Entity Framework Core 2.2.4-servicing-10062 initialized 'CityInfoContext' using provider 'Microsoft.EntityFrameworkCore.SqlServer' with options: None
2019-07-23 11:35:22.6415|INFO|Microsoft.AspNetCore.Hosting.Internal.WebHost|Request starting HTTP/2.0 GET https://localhost:44392/  
2019-07-23 11:35:23.0431|INFO|Microsoft.AspNetCore.Hosting.Internal.WebHost|Request finished in 414.0749ms 404 text/plain
2019-07-23 11:35:37.5406|INFO|Microsoft.AspNetCore.Hosting.Internal.WebHost|Request starting HTTP/1.1 GET https://localhost:44392/api/testdatabase  
2019-07-23 11:35:37.5915|INFO|Microsoft.AspNetCore.Mvc.Internal.ControllerActionInvoker|Route matched with {action = "TestDatabase", controller = "Dummy"}. Executing controller action with signature Microsoft.AspNetCore.Mvc.IActionResult TestDatabase() on controller CityInfo.Controllers.DummyController (CityInfo).
2019-07-23 11:35:38.0823|INFO|Microsoft.EntityFrameworkCore.Infrastructure|Entity Framework Core 2.2.4-servicing-10062 initialized 'CityInfoContext' using provider 'Microsoft.EntityFrameworkCore.SqlServer' with options: None
2019-07-23 11:36:47.9588|INFO|Microsoft.AspNetCore.Hosting.Internal.WebHost|Request starting HTTP/2.0 GET https://localhost:44392/  
2019-07-23 11:36:48.3726|INFO|Microsoft.AspNetCore.Hosting.Internal.WebHost|Request finished in 421.4319ms 404 text/plain
2019-07-23 11:36:51.8069|INFO|Microsoft.AspNetCore.Hosting.Internal.WebHost|Request starting HTTP/1.1 GET https://localhost:44392/api/testdatabase  
2019-07-23 11:36:51.8617|INFO|Microsoft.AspNetCore.Mvc.Internal.ControllerActionInvoker|Route matched with {action = "TestDatabase", controller = "Dummy"}. Executing controller action with signature Microsoft.AspNetCore.Mvc.IActionResult TestDatabase() on controller CityInfo.Controllers.DummyController (CityInfo).
2019-07-23 11:36:52.4010|INFO|Microsoft.EntityFrameworkCore.Infrastructure|Entity Framework Core 2.2.4-servicing-10062 initialized 'CityInfoContext' using provider 'Microsoft.EntityFrameworkCore.SqlServer' with options: None
2019-07-23 11:37:02.9122|INFO|Microsoft.EntityFrameworkCore.Database.Command|Executed DbCommand (329ms) [Parameters=[], CommandType='Text', CommandTimeout='60']
CREATE DATABASE [CityInfoDB];
2019-07-23 11:37:03.0224|INFO|Microsoft.EntityFrameworkCore.Database.Command|Executed DbCommand (105ms) [Parameters=[], CommandType='Text', CommandTimeout='60']
IF SERVERPROPERTY('EngineEdition') <> 5
BEGIN
    ALTER DATABASE [CityInfoDB] SET READ_COMMITTED_SNAPSHOT ON;
END;
2019-07-23 11:37:03.0985|INFO|Microsoft.EntityFrameworkCore.Database.Command|Executed DbCommand (7ms) [Parameters=[], CommandType='Text', CommandTimeout='30']
CREATE TABLE [Cities] (
    [Id] int NOT NULL IDENTITY,
    [Name] nvarchar(50) NOT NULL,
    [Description] nvarchar(200) NULL,
    CONSTRAINT [PK_Cities] PRIMARY KEY ([Id])
);
2019-07-23 11:37:03.1066|INFO|Microsoft.EntityFrameworkCore.Database.Command|Executed DbCommand (3ms) [Parameters=[], CommandType='Text', CommandTimeout='30']
CREATE TABLE [PointsOfInterest] (
    [Id] int NOT NULL IDENTITY,
    [Name] nvarchar(50) NOT NULL,
    [CityId] int NOT NULL,
    CONSTRAINT [PK_PointsOfInterest] PRIMARY KEY ([Id]),
    CONSTRAINT [FK_PointsOfInterest_Cities_CityId] FOREIGN KEY ([CityId]) REFERENCES [Cities] ([Id]) ON DELETE CASCADE
);
2019-07-23 11:37:03.1066|INFO|Microsoft.EntityFrameworkCore.Database.Command|Executed DbCommand (1ms) [Parameters=[], CommandType='Text', CommandTimeout='30']
CREATE INDEX [IX_PointsOfInterest_CityId] ON [PointsOfInterest] ([CityId]);
2019-07-23 11:37:03.1350|INFO|Microsoft.AspNetCore.Mvc.Internal.ControllerActionInvoker|Executing action method CityInfo.Controllers.DummyController.TestDatabase (CityInfo) - Validation state: Valid
2019-07-23 11:37:03.1422|INFO|Microsoft.AspNetCore.Mvc.Internal.ControllerActionInvoker|Executed action method CityInfo.Controllers.DummyController.TestDatabase (CityInfo), returned result Microsoft.AspNetCore.Mvc.OkResult in 0.5718ms.
2019-07-23 11:37:03.1571|INFO|Microsoft.AspNetCore.Mvc.StatusCodeResult|Executing HttpStatusCodeResult, setting HTTP status code 200
2019-07-23 11:37:03.1571|INFO|Microsoft.AspNetCore.Mvc.Internal.ControllerActionInvoker|Executed action CityInfo.Controllers.DummyController.TestDatabase (CityInfo) in 11286.759ms
2019-07-23 11:37:03.1733|INFO|Microsoft.AspNetCore.Hosting.Internal.WebHost|Request finished in 11366.498ms 200 
2019-07-23 12:32:31.5570|INFO|Microsoft.AspNetCore.Hosting.Internal.WebHost|Request starting HTTP/1.1 GET https://localhost:44392/api/testdatabase  
2019-07-23 12:32:31.5771|INFO|Microsoft.AspNetCore.Mvc.Internal.ControllerActionInvoker|Route matched with {action = "TestDatabase", controller = "Dummy"}. Executing controller action with signature Microsoft.AspNetCore.Mvc.IActionResult TestDatabase() on controller CityInfo.Controllers.DummyController (CityInfo).
2019-07-23 12:32:31.6216|INFO|Microsoft.EntityFrameworkCore.Infrastructure|Entity Framework Core 2.2.4-servicing-10062 initialized 'CityInfoContext' using provider 'Microsoft.EntityFrameworkCore.SqlServer' with options: None
2019-07-23 12:32:32.0211|INFO|Microsoft.EntityFrameworkCore.Database.Command|Executed DbCommand (93ms) [Parameters=[], CommandType='Text', CommandTimeout='30']
IF EXISTS (SELECT * FROM INFORMATION_SCHEMA.TABLES WHERE TABLE_TYPE = 'BASE TABLE') SELECT 1 ELSE SELECT 0
2019-07-23 12:32:32.0331|INFO|Microsoft.AspNetCore.Mvc.Internal.ControllerActionInvoker|Executing action method CityInfo.Controllers.DummyController.TestDatabase (CityInfo) - Validation state: Valid
2019-07-23 12:32:32.0331|INFO|Microsoft.AspNetCore.Mvc.Internal.ControllerActionInvoker|Executed action method CityInfo.Controllers.DummyController.TestDatabase (CityInfo), returned result Microsoft.AspNetCore.Mvc.OkResult in 0.0186ms.
2019-07-23 12:32:32.0538|INFO|Microsoft.AspNetCore.Mvc.StatusCodeResult|Executing HttpStatusCodeResult, setting HTTP status code 200
2019-07-23 12:32:32.0722|INFO|Microsoft.AspNetCore.Mvc.Internal.ControllerActionInvoker|Executed action CityInfo.Controllers.DummyController.TestDatabase (CityInfo) in 460.8731ms
2019-07-23 12:32:32.1229|INFO|Microsoft.AspNetCore.Hosting.Internal.WebHost|Request finished in 595.6721ms 200 
2019-07-23 14:10:27.3615|INFO|Microsoft.AspNetCore.Hosting.Internal.WebHost|Request starting HTTP/2.0 GET https://localhost:44392/  
2019-07-23 14:10:28.1496|INFO|Microsoft.AspNetCore.Hosting.Internal.WebHost|Request finished in 829.0309ms 404 text/plain
2019-07-23 14:10:32.3166|INFO|Microsoft.AspNetCore.Hosting.Internal.WebHost|Request starting HTTP/1.1 GET https://localhost:44392/api/testdatabase  
2019-07-23 14:10:32.4164|INFO|Microsoft.AspNetCore.Mvc.Internal.ControllerActionInvoker|Route matched with {action = "TestDatabase", controller = "Dummy"}. Executing controller action with signature Microsoft.AspNetCore.Mvc.IActionResult TestDatabase() on controller CityInfo.Controllers.DummyController (CityInfo).
2019-07-23 14:10:33.0639|INFO|Microsoft.EntityFrameworkCore.Infrastructure|Entity Framework Core 2.2.4-servicing-10062 initialized 'CityInfoContext' using provider 'Microsoft.EntityFrameworkCore.SqlServer' with options: None
2019-07-23 14:10:43.5945|INFO|Microsoft.EntityFrameworkCore.Database.Command|Executed DbCommand (352ms) [Parameters=[], CommandType='Text', CommandTimeout='60']
CREATE DATABASE [CityInfoDB];
2019-07-23 14:10:43.6975|INFO|Microsoft.EntityFrameworkCore.Database.Command|Executed DbCommand (98ms) [Parameters=[], CommandType='Text', CommandTimeout='60']
IF SERVERPROPERTY('EngineEdition') <> 5
BEGIN
    ALTER DATABASE [CityInfoDB] SET READ_COMMITTED_SNAPSHOT ON;
END;
2019-07-23 14:10:43.7618|INFO|Microsoft.EntityFrameworkCore.Database.Command|Executed DbCommand (5ms) [Parameters=[], CommandType='Text', CommandTimeout='30']
CREATE TABLE [__EFMigrationsHistory] (
    [MigrationId] nvarchar(150) NOT NULL,
    [ProductVersion] nvarchar(32) NOT NULL,
    CONSTRAINT [PK___EFMigrationsHistory] PRIMARY KEY ([MigrationId])
);
2019-07-23 14:10:43.7618|INFO|Microsoft.EntityFrameworkCore.Database.Command|Executed DbCommand (3ms) [Parameters=[], CommandType='Text', CommandTimeout='30']
SELECT OBJECT_ID(N'[__EFMigrationsHistory]');
2019-07-23 14:10:43.7806|INFO|Microsoft.EntityFrameworkCore.Database.Command|Executed DbCommand (2ms) [Parameters=[], CommandType='Text', CommandTimeout='30']
SELECT [MigrationId], [ProductVersion]
FROM [__EFMigrationsHistory]
ORDER BY [MigrationId];
2019-07-23 14:10:43.7916|INFO|Microsoft.EntityFrameworkCore.Migrations|Applying migration '20190723190215_CityInfoDBInitialMigration'.
2019-07-23 14:10:43.8157|INFO|Microsoft.EntityFrameworkCore.Database.Command|Executed DbCommand (2ms) [Parameters=[], CommandType='Text', CommandTimeout='30']
CREATE TABLE [Cities] (
    [Id] int NOT NULL IDENTITY,
    [Name] nvarchar(50) NOT NULL,
    [Description] nvarchar(200) NULL,
    CONSTRAINT [PK_Cities] PRIMARY KEY ([Id])
);
2019-07-23 14:10:43.8220|INFO|Microsoft.EntityFrameworkCore.Database.Command|Executed DbCommand (2ms) [Parameters=[], CommandType='Text', CommandTimeout='30']
CREATE TABLE [PointsOfInterest] (
    [Id] int NOT NULL IDENTITY,
    [Name] nvarchar(50) NOT NULL,
    [CityId] int NOT NULL,
    CONSTRAINT [PK_PointsOfInterest] PRIMARY KEY ([Id]),
    CONSTRAINT [FK_PointsOfInterest_Cities_CityId] FOREIGN KEY ([CityId]) REFERENCES [Cities] ([Id]) ON DELETE CASCADE
);
2019-07-23 14:10:43.8220|INFO|Microsoft.EntityFrameworkCore.Database.Command|Executed DbCommand (1ms) [Parameters=[], CommandType='Text', CommandTimeout='30']
CREATE INDEX [IX_PointsOfInterest_CityId] ON [PointsOfInterest] ([CityId]);
2019-07-23 14:10:43.8220|INFO|Microsoft.EntityFrameworkCore.Database.Command|Executed DbCommand (2ms) [Parameters=[], CommandType='Text', CommandTimeout='30']
INSERT INTO [__EFMigrationsHistory] ([MigrationId], [ProductVersion])
VALUES (N'20190723190215_CityInfoDBInitialMigration', N'2.2.4-servicing-10062');
2019-07-23 14:10:43.8492|INFO|Microsoft.AspNetCore.Mvc.Internal.ControllerActionInvoker|Executing action method CityInfo.Controllers.DummyController.TestDatabase (CityInfo) - Validation state: Valid
2019-07-23 14:10:43.8566|INFO|Microsoft.AspNetCore.Mvc.Internal.ControllerActionInvoker|Executed action method CityInfo.Controllers.DummyController.TestDatabase (CityInfo), returned result Microsoft.AspNetCore.Mvc.OkResult in 0.4836ms.
2019-07-23 14:10:43.8676|INFO|Microsoft.AspNetCore.Mvc.StatusCodeResult|Executing HttpStatusCodeResult, setting HTTP status code 200
2019-07-23 14:10:43.8676|INFO|Microsoft.AspNetCore.Mvc.Internal.ControllerActionInvoker|Executed action CityInfo.Controllers.DummyController.TestDatabase (CityInfo) in 11443.8651ms
2019-07-23 14:10:43.8854|INFO|Microsoft.AspNetCore.Hosting.Internal.WebHost|Request finished in 11572.4932ms 200 
2019-07-23 14:13:18.7694|INFO|Microsoft.AspNetCore.Hosting.Internal.WebHost|Request starting HTTP/2.0 GET https://localhost:44392/  
2019-07-23 14:13:19.4455|INFO|Microsoft.AspNetCore.Hosting.Internal.WebHost|Request finished in 698.7305ms 404 text/plain
2019-07-23 14:14:45.1451|INFO|Microsoft.AspNetCore.Hosting.Internal.WebHost|Request starting HTTP/2.0 GET https://localhost:44392/  
2019-07-23 14:14:45.4978|INFO|Microsoft.AspNetCore.Hosting.Internal.WebHost|Request finished in 372.7531ms 404 text/plain
2019-07-23 14:14:49.4847|INFO|Microsoft.AspNetCore.Hosting.Internal.WebHost|Request starting HTTP/1.1 GET https://localhost:44392/api/testdatabase  
2019-07-23 14:14:49.5412|INFO|Microsoft.AspNetCore.Mvc.Internal.ControllerActionInvoker|Route matched with {action = "TestDatabase", controller = "Dummy"}. Executing controller action with signature Microsoft.AspNetCore.Mvc.IActionResult TestDatabase() on controller CityInfo.Controllers.DummyController (CityInfo).
2019-07-23 14:14:50.4362|INFO|Microsoft.EntityFrameworkCore.Infrastructure|Entity Framework Core 2.2.4-servicing-10062 initialized 'CityInfoContext' using provider 'Microsoft.EntityFrameworkCore.SqlServer' with options: None
2019-07-23 14:14:50.5767|INFO|Microsoft.EntityFrameworkCore.Database.Command|Executed DbCommand (7ms) [Parameters=[], CommandType='Text', CommandTimeout='30']
SELECT OBJECT_ID(N'[__EFMigrationsHistory]');
2019-07-23 14:14:50.5876|INFO|Microsoft.EntityFrameworkCore.Database.Command|Executed DbCommand (1ms) [Parameters=[], CommandType='Text', CommandTimeout='30']
SELECT OBJECT_ID(N'[__EFMigrationsHistory]');
2019-07-23 14:14:50.5876|INFO|Microsoft.EntityFrameworkCore.Database.Command|Executed DbCommand (0ms) [Parameters=[], CommandType='Text', CommandTimeout='30']
SELECT [MigrationId], [ProductVersion]
FROM [__EFMigrationsHistory]
ORDER BY [MigrationId];
2019-07-23 14:14:50.6081|INFO|Microsoft.EntityFrameworkCore.Migrations|Applying migration '20190723191404_CityInfoDBAddPOIDescription'.
2019-07-23 14:14:50.6259|INFO|Microsoft.EntityFrameworkCore.Database.Command|Executed DbCommand (2ms) [Parameters=[], CommandType='Text', CommandTimeout='30']
ALTER TABLE [PointsOfInterest] ADD [Description] nvarchar(200) NULL;
2019-07-23 14:14:50.6325|INFO|Microsoft.EntityFrameworkCore.Database.Command|Executed DbCommand (1ms) [Parameters=[], CommandType='Text', CommandTimeout='30']
INSERT INTO [__EFMigrationsHistory] ([MigrationId], [ProductVersion])
VALUES (N'20190723191404_CityInfoDBAddPOIDescription', N'2.2.4-servicing-10062');
2019-07-23 14:14:50.6527|INFO|Microsoft.AspNetCore.Mvc.Internal.ControllerActionInvoker|Executing action method CityInfo.Controllers.DummyController.TestDatabase (CityInfo) - Validation state: Valid
2019-07-23 14:14:50.6527|INFO|Microsoft.AspNetCore.Mvc.Internal.ControllerActionInvoker|Executed action method CityInfo.Controllers.DummyController.TestDatabase (CityInfo), returned result Microsoft.AspNetCore.Mvc.OkResult in 0.6028ms.
2019-07-23 14:14:50.6807|INFO|Microsoft.AspNetCore.Mvc.StatusCodeResult|Executing HttpStatusCodeResult, setting HTTP status code 200
2019-07-23 14:14:50.6807|INFO|Microsoft.AspNetCore.Mvc.Internal.ControllerActionInvoker|Executed action CityInfo.Controllers.DummyController.TestDatabase (CityInfo) in 1134.4839ms
2019-07-23 14:14:50.7127|INFO|Microsoft.AspNetCore.Hosting.Internal.WebHost|Request finished in 1228.8147ms 200 
2019-07-23 15:57:36.0337|INFO|Microsoft.EntityFrameworkCore.Database.Command|Executed DbCommand (3ms) [Parameters=[], CommandType='Text', CommandTimeout='30']
SELECT CASE
    WHEN EXISTS (
        SELECT 1
        FROM [Cities] AS [c])
    THEN CAST(1 AS BIT) ELSE CAST(0 AS BIT)
END
2019-07-23 15:57:36.4566|INFO|Microsoft.EntityFrameworkCore.Database.Command|Executed DbCommand (15ms) [Parameters=[@p0='?' (Size = 200), @p1='?' (Size = 50)], CommandType='Text', CommandTimeout='30']
SET NOCOUNT ON;
INSERT INTO [Cities] ([Description], [Name])
VALUES (@p0, @p1);
SELECT [Id]
FROM [Cities]
WHERE @@ROWCOUNT = 1 AND [Id] = scope_identity();
2019-07-23 15:57:36.4795|INFO|Microsoft.EntityFrameworkCore.Database.Command|Executed DbCommand (1ms) [Parameters=[@p0='?' (Size = 200), @p1='?' (Size = 50)], CommandType='Text', CommandTimeout='30']
SET NOCOUNT ON;
INSERT INTO [Cities] ([Description], [Name])
VALUES (@p0, @p1);
SELECT [Id]
FROM [Cities]
WHERE @@ROWCOUNT = 1 AND [Id] = scope_identity();
2019-07-23 15:57:36.4939|INFO|Microsoft.EntityFrameworkCore.Database.Command|Executed DbCommand (0ms) [Parameters=[@p0='?' (Size = 200), @p1='?' (Size = 50)], CommandType='Text', CommandTimeout='30']
SET NOCOUNT ON;
INSERT INTO [Cities] ([Description], [Name])
VALUES (@p0, @p1);
SELECT [Id]
FROM [Cities]
WHERE @@ROWCOUNT = 1 AND [Id] = scope_identity();
2019-07-23 15:57:36.5287|INFO|Microsoft.EntityFrameworkCore.Database.Command|Executed DbCommand (27ms) [Parameters=[@p2='?' (DbType = Int32), @p3='?' (Size = 200), @p4='?' (Size = 50), @p5='?' (DbType = Int32), @p6='?' (Size = 200), @p7='?' (Size = 50), @p8='?' (DbType = Int32), @p9='?' (Size = 200), @p10='?' (Size = 50), @p11='?' (DbType = Int32), @p12='?' (Size = 200), @p13='?' (Size = 50), @p14='?' (DbType = Int32), @p15='?' (Size = 200), @p16='?' (Size = 50), @p17='?' (DbType = Int32), @p18='?' (Size = 200), @p19='?' (Size = 50)], CommandType='Text', CommandTimeout='30']
SET NOCOUNT ON;
DECLARE @inserted0 TABLE ([Id] int, [_Position] [int]);
MERGE [PointsOfInterest] USING (
VALUES (@p2, @p3, @p4, 0),
(@p5, @p6, @p7, 1),
(@p8, @p9, @p10, 2),
(@p11, @p12, @p13, 3),
(@p14, @p15, @p16, 4),
(@p17, @p18, @p19, 5)) AS i ([CityId], [Description], [Name], _Position) ON 1=0
WHEN NOT MATCHED THEN
INSERT ([CityId], [Description], [Name])
VALUES (i.[CityId], i.[Description], i.[Name])
OUTPUT INSERTED.[Id], i._Position
INTO @inserted0;

SELECT [t].[Id] FROM [PointsOfInterest] t
INNER JOIN @inserted0 i ON ([t].[Id] = [i].[Id])
ORDER BY [i].[_Position];
2019-07-23 15:57:36.9819|INFO|Microsoft.AspNetCore.Hosting.Internal.WebHost|Request starting HTTP/2.0 GET https://localhost:44392/  
2019-07-23 15:57:37.3361|INFO|Microsoft.AspNetCore.Hosting.Internal.WebHost|Request finished in 352.8428ms 404 text/plain
2019-07-23 15:58:42.1082|INFO|Microsoft.EntityFrameworkCore.Database.Command|Executed DbCommand (5ms) [Parameters=[], CommandType='Text', CommandTimeout='30']
SELECT CASE
    WHEN EXISTS (
        SELECT 1
        FROM [Cities] AS [c])
    THEN CAST(1 AS BIT) ELSE CAST(0 AS BIT)
END
2019-07-23 15:58:42.8908|INFO|Microsoft.AspNetCore.Hosting.Internal.WebHost|Request starting HTTP/2.0 GET https://localhost:44392/  
2019-07-23 15:58:43.5663|INFO|Microsoft.AspNetCore.Hosting.Internal.WebHost|Request finished in 636.7047ms 404 text/plain
2019-07-23 15:59:46.6634|INFO|Microsoft.EntityFrameworkCore.Database.Command|Executed DbCommand (17ms) [Parameters=[], CommandType='Text', CommandTimeout='30']
SELECT CASE
    WHEN EXISTS (
        SELECT 1
        FROM [Cities] AS [c])
    THEN CAST(1 AS BIT) ELSE CAST(0 AS BIT)
END
2019-07-23 15:59:47.9881|INFO|Microsoft.AspNetCore.Hosting.Internal.WebHost|Request starting HTTP/2.0 GET https://localhost:44392/  
2019-07-23 15:59:48.8074|INFO|Microsoft.AspNetCore.Hosting.Internal.WebHost|Request finished in 833.1729ms 404 text/plain
